{"time":"2026-05-25T11:06:18.979108385+02:00","level":"INFO","msg":"pg_dump available — backups enabled"}
{"time":"2026-05-25T11:06:18.979212833+02:00","level":"INFO","msg":"psql available — restore enabled"}
{"time":"2026-05-25T11:06:18.984251808+02:00","level":"INFO","msg":"database connected"}
{"time":"2026-05-25T11:06:20.201521578+02:00","level":"INFO","msg":"IGDB credentials validated successfully"}
{"time":"2026-05-25T11:06:20.202512481+02:00","level":"INFO","msg":"nexorious starting","addr":":8000","version":"a1c8ca54","commit":"a1c8ca54"}
{"time":"2026-05-25T11:06:20.21881072+02:00","level":"INFO","msg":"app ready — River client started"}
{"time":"2026-05-25T11:06:22.253390488+02:00","level":"INFO","msg":"request","method":"GET","uri":"/sync","status":200,"latency":3224900}
{"time":"2026-05-25T11:06:22.314834331+02:00","level":"INFO","msg":"request","method":"GET","uri":"/assets/index-BcXbq4Ub.js","status":200,"latency":1796140}
{"time":"2026-05-25T11:06:22.318643968+02:00","level":"INFO","msg":"request","method":"GET","uri":"/assets/index-BoonCSZe.css","status":200,"latency":231623}
{"time":"2026-05-25T11:06:22.339803482+02:00","level":"INFO","msg":"request","method":"GET","uri":"/assets/index-BcXbq4Ub.js","status":200,"latency":881839}
{"time":"2026-05-25T11:06:22.707149553+02:00","level":"INFO","msg":"request","method":"GET","uri":"/health","status":200,"latency":22545}
{"time":"2026-05-25T11:06:22.707333332+02:00","level":"INFO","msg":"request","method":"GET","uri":"/api/auth/me","status":401,"latency":107362}
{"time":"2026-05-25T11:06:22.88417472+02:00","level":"INFO","msg":"request","method":"POST","uri":"/api/auth/refresh","status":200,"latency":10882020}
{"time":"2026-05-25T11:06:22.903176347+02:00","level":"INFO","msg":"request","method":"GET","uri":"/api/auth/me","status":401,"latency":135803}
{"time":"2026-05-25T11:06:22.956784498+02:00","level":"INFO","msg":"request","method":"GET","uri":"/logo.svg","status":200,"latency":72846}
{"time":"2026-05-25T11:06:26.433391905+02:00","level":"INFO","msg":"request","method":"POST","uri":"/api/auth/login","status":200,"latency":354721079}
{"time":"2026-05-25T11:06:26.442049792+02:00","level":"INFO","msg":"request","method":"GET","uri":"/api/auth/me","status":200,"latency":1087336}
{"time":"2026-05-25T11:06:26.514056555+02:00","level":"INFO","msg":"request","method":"GET","uri":"/api/jobs/pending-review-count","status":200,"latency":1962660}
{"time":"2026-05-25T11:06:26.51729251+02:00","level":"INFO","msg":"request","method":"GET","uri":"/api/tags","status":200,"latency":2434114}
{"time":"2026-05-25T11:06:26.517413389+02:00","level":"INFO","msg":"request","method":"GET","uri":"/api/jobs/active/import","status":200,"latency":2137029}
{"time":"2026-05-25T11:06:26.518363383+02:00","level":"INFO","msg":"request","method":"GET","uri":"/api/platforms?active_only=true&page=1&per_page=100","status":200,"latency":4782336}
{"time":"2026-05-25T11:06:26.523659715+02:00","level":"INFO","msg":"request","method":"GET","uri":"/api/user-games/filter-options","status":200,"latency":8361122}
{"time":"2026-05-25T11:06:26.525812611+02:00","level":"INFO","msg":"request","method":"GET","uri":"/api/platforms/storefronts?active_only=true&page=1&per_page=100","status":200,"latency":10515754}
{"time":"2026-05-25T11:06:26.532568995+02:00","level":"INFO","msg":"request","method":"GET","uri":"/api/user-games?sort_by=title&sort_order=asc&page=1&per_page=50","status":200,"latency":17784638}
{"time":"2026-05-25T11:06:26.679806122+02:00","level":"INFO","msg":"request","method":"GET","uri":"/logos/platforms/pc-linux/pc-linux-icon-light.svg","status":200,"latency":183596}
{"time":"2026-05-25T11:06:26.682325586+02:00","level":"INFO","msg":"request","method":"GET","uri":"/logos/platforms/pc-windows/pc-windows-icon-light.svg","status":200,"latency":19609}
{"time":"2026-05-25T11:06:29.024831471+02:00","level":"INFO","msg":"request","method":"GET","uri":"/api/sync/config","status":200,"latency":4011328}
{"time":"2026-05-25T11:06:29.138059259+02:00","level":"INFO","msg":"request","method":"GET","uri":"/api/sync/epic/connection","status":200,"latency":2287970}
{"time":"2026-05-25T11:06:29.138117134+02:00","level":"INFO","msg":"request","method":"GET","uri":"/api/sync/steam/connection","status":200,"latency":2557154}
{"time":"2026-05-25T11:06:29.138347504+02:00","level":"INFO","msg":"request","method":"GET","uri":"/api/sync/gog/connection","status":200,"latency":2174260}
{"time":"2026-05-25T11:06:29.139608473+02:00","level":"INFO","msg":"request","method":"GET","uri":"/api/sync/psn/connection","status":200,"latency":3996552}
{"time":"2026-05-25T11:06:29.139811851+02:00","level":"INFO","msg":"request","method":"GET","uri":"/api/sync/steam/status","status":200,"latency":4061163}
{"time":"2026-05-25T11:06:29.140672711+02:00","level":"INFO","msg":"request","method":"GET","uri":"/logos/storefronts/steam/steam-icon-light.svg","status":200,"latency":47459}
{"time":"2026-05-25T11:06:29.141198424+02:00","level":"INFO","msg":"request","method":"GET","uri":"/logos/storefronts/epic-games-store/epic-games-store-icon-light.svg","status":200,"latency":155767}
{"time":"2026-05-25T11:06:29.14128446+02:00","level":"INFO","msg":"request","method":"GET","uri":"/logos/storefronts/gog/gog-icon-light.svg","status":200,"latency":37122}
{"time":"2026-05-25T11:06:29.141565731+02:00","level":"INFO","msg":"request","method":"GET","uri":"/logos/storefronts/playstation-store/playstation-store-icon-light.svg","status":200,"latency":155126}
{"time":"2026-05-25T11:06:29.141854762+02:00","level":"INFO","msg":"request","method":"GET","uri":"/api/sync/psn/status","status":200,"latency":2237670}
{"time":"2026-05-25T11:06:29.142595823+02:00","level":"INFO","msg":"request","method":"GET","uri":"/api/sync/gog/status","status":200,"latency":3187208}
{"time":"2026-05-25T11:06:29.145191962+02:00","level":"INFO","msg":"request","method":"GET","uri":"/api/sync/epic/status","status":200,"latency":8614348}
{"time":"2026-05-25T11:06:56.558302592+02:00","level":"INFO","msg":"request","method":"GET","uri":"/api/jobs/pending-review-count","status":200,"latency":1938549}
{"time":"2026-05-25T11:06:59.227206678+02:00","level":"INFO","msg":"request","method":"GET","uri":"/api/sync/steam/status","status":200,"latency":2152445}
{"time":"2026-05-25T11:06:59.227280321+02:00","level":"INFO","msg":"request","method":"GET","uri":"/api/sync/psn/status","status":200,"latency":1548435}
{"time":"2026-05-25T11:06:59.227493063+02:00","level":"INFO","msg":"request","method":"GET","uri":"/api/sync/gog/status","status":200,"latency":1565348}
{"time":"2026-05-25T11:06:59.22787783+02:00","level":"INFO","msg":"request","method":"GET","uri":"/api/sync/epic/status","status":200,"latency":1514845}
{"time":"2026-05-25T11:07:26.571652736+02:00","level":"INFO","msg":"request","method":"GET","uri":"/api/jobs/pending-review-count","status":200,"latency":1837046}
{"time":"2026-05-25T11:07:29.246711313+02:00","level":"INFO","msg":"request","method":"GET","uri":"/api/sync/steam/status","status":200,"latency":1938153}
{"time":"2026-05-25T11:07:29.247320362+02:00","level":"INFO","msg":"request","method":"GET","uri":"/api/sync/psn/status","status":200,"latency":2017205}
{"time":"2026-05-25T11:07:29.247940906+02:00","level":"INFO","msg":"request","method":"GET","uri":"/api/sync/epic/status","status":200,"latency":1838857}
{"time":"2026-05-25T11:07:29.248156628+02:00","level":"INFO","msg":"request","method":"GET","uri":"/api/sync/gog/status","status":200,"latency":2278942}
{"time":"2026-05-25T11:07:56.587685499+02:00","level":"INFO","msg":"request","method":"GET","uri":"/api/jobs/pending-review-count","status":200,"latency":2165823}
{"time":"2026-05-25T11:07:59.268769485+02:00","level":"INFO","msg":"request","method":"GET","uri":"/api/sync/steam/status","status":200,"latency":2460243}
{"time":"2026-05-25T11:07:59.269579422+02:00","level":"INFO","msg":"request","method":"GET","uri":"/api/sync/epic/status","status":200,"latency":1812495}
{"time":"2026-05-25T11:07:59.270565766+02:00","level":"INFO","msg":"request","method":"GET","uri":"/api/sync/gog/status","status":200,"latency":2352989}
{"time":"2026-05-25T11:07:59.27130185+02:00","level":"INFO","msg":"request","method":"GET","uri":"/api/sync/psn/status","status":200,"latency":4313600}
{"time":"2026-05-25T11:08:26.604559846+02:00","level":"INFO","msg":"request","method":"GET","uri":"/api/jobs/pending-review-count","status":200,"latency":1974299}
{"time":"2026-05-25T11:08:29.290444402+02:00","level":"INFO","msg":"request","method":"GET","uri":"/api/sync/steam/status","status":200,"latency":3710458}
{"time":"2026-05-25T11:08:29.290611192+02:00","level":"INFO","msg":"request","method":"GET","uri":"/api/sync/epic/status","status":200,"latency":3286333}
{"time":"2026-05-25T11:08:29.290781953+02:00","level":"INFO","msg":"request","method":"GET","uri":"/api/sync/psn/status","status":200,"latency":2713703}
{"time":"2026-05-25T11:08:29.290865609+02:00","level":"INFO","msg":"request","method":"GET","uri":"/api/sync/gog/status","status":200,"latency":2980898}
{"time":"2026-05-25T11:08:56.618093884+02:00","level":"INFO","msg":"request","method":"GET","uri":"/api/jobs/pending-review-count","status":200,"latency":2523387}
{"time":"2026-05-25T11:08:59.312800827+02:00","level":"INFO","msg":"request","method":"GET","uri":"/api/sync/steam/status","status":200,"latency":1512056}
{"time":"2026-05-25T11:08:59.312885791+02:00","level":"INFO","msg":"request","method":"GET","uri":"/api/sync/epic/status","status":200,"latency":1233235}
{"time":"2026-05-25T11:08:59.313137004+02:00","level":"INFO","msg":"request","method":"GET","uri":"/api/sync/gog/status","status":200,"latency":1065718}
{"time":"2026-05-25T11:08:59.313220776+02:00","level":"INFO","msg":"request","method":"GET","uri":"/api/sync/psn/status","status":200,"latency":1079037}
{"time":"2026-05-25T11:09:26.633892827+02:00","level":"INFO","msg":"request","method":"GET","uri":"/api/jobs/pending-review-count","status":200,"latency":2121141}
{"time":"2026-05-25T11:09:29.330986298+02:00","level":"INFO","msg":"request","method":"GET","uri":"/api/sync/steam/status","status":200,"latency":2286143}
{"time":"2026-05-25T11:09:29.331403094+02:00","level":"INFO","msg":"request","method":"GET","uri":"/api/sync/psn/status","status":200,"latency":1863180}
{"time":"2026-05-25T11:09:29.33160894+02:00","level":"INFO","msg":"request","method":"GET","uri":"/api/sync/gog/status","status":200,"latency":2009505}
{"time":"2026-05-25T11:09:29.332160358+02:00","level":"INFO","msg":"request","method":"GET","uri":"/api/sync/epic/status","status":200,"latency":3340753}
{"time":"2026-05-25T11:09:56.643709261+02:00","level":"INFO","msg":"request","method":"GET","uri":"/api/jobs/pending-review-count","status":200,"latency":1559942}
{"time":"2026-05-25T11:09:59.349596817+02:00","level":"INFO","msg":"request","method":"GET","uri":"/api/sync/steam/status","status":200,"latency":2622400}
{"time":"2026-05-25T11:09:59.350526118+02:00","level":"INFO","msg":"request","method":"GET","uri":"/api/sync/gog/status","status":200,"latency":2115039}
{"time":"2026-05-25T11:09:59.350530723+02:00","level":"INFO","msg":"request","method":"GET","uri":"/api/sync/psn/status","status":200,"latency":2889437}
{"time":"2026-05-25T11:09:59.350530279+02:00","level":"INFO","msg":"request","method":"GET","uri":"/api/sync/epic/status","status":200,"latency":1774140}
{"time":"2026-05-25T11:10:26.65826807+02:00","level":"INFO","msg":"request","method":"GET","uri":"/api/jobs/pending-review-count","status":200,"latency":1740456}
{"time":"2026-05-25T11:10:29.367752356+02:00","level":"INFO","msg":"request","method":"GET","uri":"/api/sync/steam/status","status":200,"latency":2194455}
{"time":"2026-05-25T11:10:29.368039366+02:00","level":"INFO","msg":"request","method":"GET","uri":"/api/sync/gog/status","status":200,"latency":1785302}
{"time":"2026-05-25T11:10:29.368736368+02:00","level":"INFO","msg":"request","method":"GET","uri":"/api/sync/psn/status","status":200,"latency":1555701}
{"time":"2026-05-25T11:10:29.368939389+02:00","level":"INFO","msg":"request","method":"GET","uri":"/api/sync/epic/status","status":200,"latency":1774074}
{"time":"2026-05-25T11:10:56.670281244+02:00","level":"INFO","msg":"request","method":"GET","uri":"/api/jobs/pending-review-count","status":200,"latency":1708595}
{"time":"2026-05-25T11:10:59.385214761+02:00","level":"INFO","msg":"request","method":"GET","uri":"/api/sync/steam/status","status":200,"latency":1898129}
{"time":"2026-05-25T11:10:59.385825846+02:00","level":"INFO","msg":"request","method":"GET","uri":"/api/sync/gog/status","status":200,"latency":1841622}
{"time":"2026-05-25T11:10:59.387418093+02:00","level":"INFO","msg":"request","method":"GET","uri":"/api/sync/psn/status","status":200,"latency":1545117}
{"time":"2026-05-25T11:10:59.387898313+02:00","level":"INFO","msg":"request","method":"GET","uri":"/api/sync/epic/status","status":200,"latency":1529554}
{"time":"2026-05-25T11:11:26.686290165+02:00","level":"INFO","msg":"request","method":"GET","uri":"/api/jobs/pending-review-count","status":200,"latency":1497618}
{"time":"2026-05-25T11:11:29.403995916+02:00","level":"INFO","msg":"request","method":"GET","uri":"/api/sync/steam/status","status":200,"latency":2008119}
{"time":"2026-05-25T11:11:29.404196287+02:00","level":"INFO","msg":"request","method":"GET","uri":"/api/sync/gog/status","status":200,"latency":1490779}
{"time":"2026-05-25T11:11:29.404402114+02:00","level":"INFO","msg":"request","method":"GET","uri":"/api/sync/psn/status","status":200,"latency":1417406}
{"time":"2026-05-25T11:11:29.404876978+02:00","level":"INFO","msg":"request","method":"GET","uri":"/api/sync/epic/status","status":200,"latency":1457410}
{"time":"2026-05-25T11:11:56.70229534+02:00","level":"INFO","msg":"request","method":"GET","uri":"/api/jobs/pending-review-count","status":200,"latency":2307412}
{"time":"2026-05-25T11:11:59.425354905+02:00","level":"INFO","msg":"request","method":"GET","uri":"/api/sync/steam/status","status":200,"latency":3522311}
{"time":"2026-05-25T11:11:59.42573473+02:00","level":"INFO","msg":"request","method":"GET","uri":"/api/sync/gog/status","status":200,"latency":3463903}
{"time":"2026-05-25T11:11:59.426341287+02:00","level":"INFO","msg":"request","method":"GET","uri":"/api/sync/epic/status","status":200,"latency":1615900}
{"time":"2026-05-25T11:11:59.426521336+02:00","level":"INFO","msg":"request","method":"GET","uri":"/api/sync/psn/status","status":200,"latency":1763071}
{"time":"2026-05-25T11:12:26.715040785+02:00","level":"INFO","msg":"request","method":"GET","uri":"/api/jobs/pending-review-count","status":200,"latency":1545437}
{"time":"2026-05-25T11:12:29.455908835+02:00","level":"INFO","msg":"request","method":"GET","uri":"/api/sync/gog/status","status":200,"latency":1923774}
{"time":"2026-05-25T11:12:29.456716057+02:00","level":"INFO","msg":"request","method":"GET","uri":"/api/sync/psn/status","status":200,"latency":1829425}
{"time":"2026-05-25T11:12:29.456720544+02:00","level":"INFO","msg":"request","method":"GET","uri":"/api/sync/epic/status","status":200,"latency":2087886}
{"time":"2026-05-25T11:12:29.456888678+02:00","level":"INFO","msg":"request","method":"GET","uri":"/api/sync/steam/status","status":200,"latency":3462530}
{"time":"2026-05-25T11:12:56.725674302+02:00","level":"INFO","msg":"request","method":"GET","uri":"/api/jobs/pending-review-count","status":200,"latency":646909}
{"time":"2026-05-25T11:12:59.472928833+02:00","level":"INFO","msg":"request","method":"GET","uri":"/api/sync/gog/status","status":200,"latency":1819721}
{"time":"2026-05-25T11:12:59.473319623+02:00","level":"INFO","msg":"request","method":"GET","uri":"/api/sync/epic/status","status":200,"latency":1765701}
{"time":"2026-05-25T11:12:59.473810554+02:00","level":"INFO","msg":"request","method":"GET","uri":"/api/sync/psn/status","status":200,"latency":1736759}
{"time":"2026-05-25T11:12:59.474517996+02:00","level":"INFO","msg":"request","method":"GET","uri":"/api/sync/steam/status","status":200,"latency":2163743}
{"time":"2026-05-25T11:13:26.732378972+02:00","level":"INFO","msg":"request","method":"GET","uri":"/api/jobs/pending-review-count","status":200,"latency":998123}
{"time":"2026-05-25T11:13:29.490086032+02:00","level":"INFO","msg":"request","method":"GET","uri":"/api/sync/epic/status","status":200,"latency":1636451}
{"time":"2026-05-25T11:13:29.490783283+02:00","level":"INFO","msg":"request","method":"GET","uri":"/api/sync/gog/status","status":200,"latency":1804351}
{"time":"2026-05-25T11:13:29.490919012+02:00","level":"INFO","msg":"request","method":"GET","uri":"/api/sync/psn/status","status":200,"latency":1514635}
{"time":"2026-05-25T11:13:29.491033003+02:00","level":"INFO","msg":"request","method":"GET","uri":"/api/sync/steam/status","status":200,"latency":1431561}
{"time":"2026-05-25T11:13:56.738330267+02:00","level":"INFO","msg":"request","method":"GET","uri":"/api/jobs/pending-review-count","status":200,"latency":784240}
{"time":"2026-05-25T11:13:59.504166252+02:00","level":"INFO","msg":"request","method":"GET","uri":"/api/sync/epic/status","status":200,"latency":1732276}
{"time":"2026-05-25T11:13:59.504755437+02:00","level":"INFO","msg":"request","method":"GET","uri":"/api/sync/gog/status","status":200,"latency":1669395}
{"time":"2026-05-25T11:13:59.505247154+02:00","level":"INFO","msg":"request","method":"GET","uri":"/api/sync/psn/status","status":200,"latency":1363246}
{"time":"2026-05-25T11:13:59.505446005+02:00","level":"INFO","msg":"request","method":"GET","uri":"/api/sync/steam/status","status":200,"latency":1492755}
{"time":"2026-05-25T11:14:26.744644614+02:00","level":"INFO","msg":"request","method":"GET","uri":"/api/jobs/pending-review-count","status":200,"latency":936282}
{"time":"2026-05-25T11:14:29.51924051+02:00","level":"INFO","msg":"request","method":"GET","uri":"/api/sync/epic/status","status":200,"latency":1731396}
{"time":"2026-05-25T11:14:29.519936124+02:00","level":"INFO","msg":"request","method":"GET","uri":"/api/sync/gog/status","status":200,"latency":1943189}
{"time":"2026-05-25T11:14:29.520226131+02:00","level":"INFO","msg":"request","method":"GET","uri":"/api/sync/psn/status","status":200,"latency":1689887}
{"time":"2026-05-25T11:14:29.520616314+02:00","level":"INFO","msg":"request","method":"GET","uri":"/api/sync/steam/status","status":200,"latency":1844537}
{"time":"2026-05-25T11:14:56.751032527+02:00","level":"INFO","msg":"request","method":"GET","uri":"/api/jobs/pending-review-count","status":200,"latency":1049789}
{"time":"2026-05-25T11:14:59.537595121+02:00","level":"INFO","msg":"request","method":"GET","uri":"/api/sync/epic/status","status":200,"latency":2543426}
{"time":"2026-05-25T11:14:59.537799167+02:00","level":"INFO","msg":"request","method":"GET","uri":"/api/sync/gog/status","status":200,"latency":2260207}
{"time":"2026-05-25T11:14:59.538278757+02:00","level":"INFO","msg":"request","method":"GET","uri":"/api/sync/psn/status","status":200,"latency":2136221}
{"time":"2026-05-25T11:14:59.538838619+02:00","level":"INFO","msg":"request","method":"GET","uri":"/api/sync/steam/status","status":200,"latency":2358119}
{"time":"2026-05-25T11:15:26.756470186+02:00","level":"INFO","msg":"request","method":"GET","uri":"/api/jobs/pending-review-count","status":200,"latency":676141}
{"time":"2026-05-25T11:15:29.556347+02:00","level":"INFO","msg":"request","method":"GET","uri":"/api/sync/epic/status","status":200,"latency":2435018}
{"time":"2026-05-25T11:15:29.556426586+02:00","level":"INFO","msg":"request","method":"GET","uri":"/api/sync/gog/status","status":200,"latency":1820564}
{"time":"2026-05-25T11:15:29.556811002+02:00","level":"INFO","msg":"request","method":"GET","uri":"/api/sync/psn/status","status":200,"latency":1640490}
{"time":"2026-05-25T11:15:29.557158737+02:00","level":"INFO","msg":"request","method":"GET","uri":"/api/sync/steam/status","status":200,"latency":1604924}
{"time":"2026-05-25T11:15:56.765087698+02:00","level":"INFO","msg":"request","method":"GET","uri":"/api/jobs/pending-review-count","status":200,"latency":1376222}
{"time":"2026-05-25T11:15:59.572805493+02:00","level":"INFO","msg":"request","method":"GET","uri":"/api/sync/epic/status","status":200,"latency":2490645}
{"time":"2026-05-25T11:15:59.573168354+02:00","level":"INFO","msg":"request","method":"GET","uri":"/api/sync/gog/status","status":200,"latency":2187290}
{"time":"2026-05-25T11:15:59.573827266+02:00","level":"INFO","msg":"request","method":"GET","uri":"/api/sync/psn/status","status":200,"latency":2055803}
{"time":"2026-05-25T11:15:59.576961828+02:00","level":"INFO","msg":"request","method":"GET","uri":"/api/sync/steam/status","status":200,"latency":1228358}
{"time":"2026-05-25T11:16:26.772996029+02:00","level":"INFO","msg":"request","method":"GET","uri":"/api/jobs/pending-review-count","status":200,"latency":1434506}
{"time":"2026-05-25T11:16:29.590905162+02:00","level":"INFO","msg":"request","method":"GET","uri":"/api/sync/epic/status","status":200,"latency":2060847}
{"time":"2026-05-25T11:16:29.591573887+02:00","level":"INFO","msg":"request","method":"GET","uri":"/api/sync/gog/status","status":200,"latency":1808566}
{"time":"2026-05-25T11:16:29.592960796+02:00","level":"INFO","msg":"request","method":"GET","uri":"/api/sync/psn/status","status":200,"latency":1365250}
{"time":"2026-05-25T11:16:29.593086578+02:00","level":"INFO","msg":"request","method":"GET","uri":"/api/sync/steam/status","status":200,"latency":1489148}
{"time":"2026-05-25T11:16:56.78444906+02:00","level":"INFO","msg":"request","method":"GET","uri":"/api/jobs/pending-review-count","status":200,"latency":1534432}
{"time":"2026-05-25T11:16:59.631511529+02:00","level":"INFO","msg":"request","method":"GET","uri":"/api/sync/epic/status","status":200,"latency":1851078}
{"time":"2026-05-25T11:16:59.632022684+02:00","level":"INFO","msg":"request","method":"GET","uri":"/api/sync/gog/status","status":200,"latency":1711087}
{"time":"2026-05-25T11:16:59.632365608+02:00","level":"INFO","msg":"request","method":"GET","uri":"/api/sync/psn/status","status":200,"latency":1520727}
{"time":"2026-05-25T11:16:59.632580271+02:00","level":"INFO","msg":"request","method":"GET","uri":"/api/sync/steam/status","status":200,"latency":1535035}
{"time":"2026-05-25T11:17:26.793346596+02:00","level":"INFO","msg":"request","method":"GET","uri":"/api/jobs/pending-review-count","status":200,"latency":1001103}
{"time":"2026-05-25T11:17:29.647263675+02:00","level":"INFO","msg":"request","method":"GET","uri":"/api/sync/epic/status","status":200,"latency":2071585}
{"time":"2026-05-25T11:17:29.647742196+02:00","level":"INFO","msg":"request","method":"GET","uri":"/api/sync/gog/status","status":200,"latency":1936332}
{"time":"2026-05-25T11:17:29.648233028+02:00","level":"INFO","msg":"request","method":"GET","uri":"/api/sync/psn/status","status":200,"latency":1698649}
{"time":"2026-05-25T11:17:29.648956269+02:00","level":"INFO","msg":"request","method":"GET","uri":"/api/sync/steam/status","status":200,"latency":2097123}
{"time":"2026-05-25T11:17:56.884764321+02:00","level":"INFO","msg":"request","method":"GET","uri":"/api/jobs/pending-review-count","status":200,"latency":1675356}
{"time":"2026-05-25T11:17:59.661704132+02:00","level":"INFO","msg":"request","method":"GET","uri":"/api/sync/epic/status","status":200,"latency":1568598}
{"time":"2026-05-25T11:17:59.662595928+02:00","level":"INFO","msg":"request","method":"GET","uri":"/api/sync/gog/status","status":200,"latency":1876286}
{"time":"2026-05-25T11:17:59.663219704+02:00","level":"INFO","msg":"request","method":"GET","uri":"/api/sync/psn/status","status":200,"latency":1865574}
{"time":"2026-05-25T11:17:59.663529956+02:00","level":"INFO","msg":"request","method":"GET","uri":"/api/sync/steam/status","status":200,"latency":2033685}
{"time":"2026-05-25T11:18:26.893985827+02:00","level":"INFO","msg":"request","method":"GET","uri":"/api/jobs/pending-review-count","status":200,"latency":1495783}
{"time":"2026-05-25T11:18:29.673653209+02:00","level":"INFO","msg":"request","method":"GET","uri":"/api/sync/epic/status","status":200,"latency":1581971}
{"time":"2026-05-25T11:18:29.676984941+02:00","level":"INFO","msg":"request","method":"GET","uri":"/api/sync/gog/status","status":200,"latency":1717497}
{"time":"2026-05-25T11:18:29.677809216+02:00","level":"INFO","msg":"request","method":"GET","uri":"/api/sync/psn/status","status":200,"latency":1462325}
{"time":"2026-05-25T11:18:29.678092697+02:00","level":"INFO","msg":"request","method":"GET","uri":"/api/sync/steam/status","status":200,"latency":1513057}
{"time":"2026-05-25T11:18:56.899764143+02:00","level":"INFO","msg":"request","method":"GET","uri":"/api/jobs/pending-review-count","status":200,"latency":786545}
{"time":"2026-05-25T11:18:59.688907926+02:00","level":"INFO","msg":"request","method":"GET","uri":"/api/sync/epic/status","status":200,"latency":1529875}
{"time":"2026-05-25T11:18:59.692777917+02:00","level":"INFO","msg":"request","method":"GET","uri":"/api/sync/gog/status","status":200,"latency":1955150}
{"time":"2026-05-25T11:18:59.693343071+02:00","level":"INFO","msg":"request","method":"GET","uri":"/api/sync/psn/status","status":200,"latency":1627155}
{"time":"2026-05-25T11:18:59.693561097+02:00","level":"INFO","msg":"request","method":"GET","uri":"/api/sync/steam/status","status":200,"latency":1797420}
{"time":"2026-05-25T11:19:26.908141802+02:00","level":"INFO","msg":"request","method":"GET","uri":"/api/jobs/pending-review-count","status":200,"latency":1985134}
{"time":"2026-05-25T11:19:29.743376128+02:00","level":"INFO","msg":"request","method":"GET","uri":"/api/sync/steam/status","status":200,"latency":1725612}
{"time":"2026-05-25T11:19:29.743609536+02:00","level":"INFO","msg":"request","method":"GET","uri":"/api/sync/epic/status","status":200,"latency":3875148}
{"time":"2026-05-25T11:19:29.743764744+02:00","level":"INFO","msg":"request","method":"GET","uri":"/api/sync/gog/status","status":200,"latency":3242823}
{"time":"2026-05-25T11:19:29.743863864+02:00","level":"INFO","msg":"request","method":"GET","uri":"/api/sync/psn/status","status":200,"latency":3049860}
{"time":"2026-05-25T11:19:56.917539421+02:00","level":"INFO","msg":"request","method":"GET","uri":"/api/jobs/pending-review-count","status":200,"latency":1117756}
{"time":"2026-05-25T11:19:59.7554104+02:00","level":"INFO","msg":"request","method":"GET","uri":"/api/sync/gog/status","status":200,"latency":460922}
{"time":"2026-05-25T11:19:59.755410078+02:00","level":"INFO","msg":"request","method":"GET","uri":"/api/sync/epic/status","status":200,"latency":524116}
{"time":"2026-05-25T11:19:59.755424981+02:00","level":"INFO","msg":"request","method":"GET","uri":"/api/sync/psn/status","status":200,"latency":383191}
{"time":"2026-05-25T11:19:59.755413466+02:00","level":"INFO","msg":"request","method":"GET","uri":"/api/sync/steam/status","status":200,"latency":744806}
{"time":"2026-05-25T11:20:26.930303773+02:00","level":"INFO","msg":"request","method":"GET","uri":"/api/jobs/pending-review-count","status":200,"latency":1107796}
{"time":"2026-05-25T11:20:29.765055917+02:00","level":"INFO","msg":"request","method":"GET","uri":"/api/sync/epic/status","status":200,"latency":1099515}
{"time":"2026-05-25T11:20:29.765253701+02:00","level":"INFO","msg":"request","method":"GET","uri":"/api/sync/gog/status","status":200,"latency":863855}
{"time":"2026-05-25T11:20:29.765398415+02:00","level":"INFO","msg":"request","method":"GET","uri":"/api/sync/steam/status","status":200,"latency":889496}
{"time":"2026-05-25T11:20:29.765605637+02:00","level":"INFO","msg":"request","method":"GET","uri":"/api/sync/psn/status","status":200,"latency":852783}
{"time":"2026-05-25T11:20:56.940462477+02:00","level":"INFO","msg":"request","method":"GET","uri":"/api/jobs/pending-review-count","status":200,"latency":1443183}
{"time":"2026-05-25T11:20:59.801827243+02:00","level":"INFO","msg":"request","method":"GET","uri":"/api/sync/epic/status","status":200,"latency":1899657}
{"time":"2026-05-25T11:20:59.802195204+02:00","level":"INFO","msg":"request","method":"GET","uri":"/api/sync/gog/status","status":200,"latency":1615316}
{"time":"2026-05-25T11:20:59.802676203+02:00","level":"INFO","msg":"request","method":"GET","uri":"/api/sync/psn/status","status":200,"latency":1380036}
{"time":"2026-05-25T11:20:59.803649984+02:00","level":"INFO","msg":"request","method":"GET","uri":"/api/sync/steam/status","status":200,"latency":2517431}
{"time":"2026-05-25T11:21:26.946639606+02:00","level":"INFO","msg":"request","method":"GET","uri":"/api/jobs/pending-review-count","status":401,"latency":64672}
{"time":"2026-05-25T11:21:26.959329324+02:00","level":"INFO","msg":"request","method":"POST","uri":"/api/auth/refresh","status":200,"latency":8932698}
{"time":"2026-05-25T11:21:26.967821764+02:00","level":"INFO","msg":"request","method":"GET","uri":"/api/jobs/pending-review-count","status":401,"latency":83951}
{"time":"2026-05-25T11:21:27.987579844+02:00","level":"INFO","msg":"request","method":"GET","uri":"/api/jobs/pending-review-count","status":200,"latency":1468934}
{"time":"2026-05-25T11:21:29.858213385+02:00","level":"INFO","msg":"request","method":"GET","uri":"/api/sync/epic/status","status":200,"latency":1696780}
{"time":"2026-05-25T11:21:29.859043195+02:00","level":"INFO","msg":"request","method":"GET","uri":"/api/sync/gog/status","status":200,"latency":1763089}
{"time":"2026-05-25T11:21:29.859600905+02:00","level":"INFO","msg":"request","method":"GET","uri":"/api/sync/psn/status","status":200,"latency":1775634}
{"time":"2026-05-25T11:21:29.859868919+02:00","level":"INFO","msg":"request","method":"GET","uri":"/api/sync/steam/status","status":200,"latency":1916792}
{"time":"2026-05-25T11:21:57.999248049+02:00","level":"INFO","msg":"request","method":"GET","uri":"/api/jobs/pending-review-count","status":200,"latency":1571576}
{"time":"2026-05-25T11:22:00.016655258+02:00","level":"INFO","msg":"request","method":"GET","uri":"/api/sync/epic/status","status":200,"latency":2622433}
{"time":"2026-05-25T11:22:00.017209296+02:00","level":"INFO","msg":"request","method":"GET","uri":"/api/sync/gog/status","status":200,"latency":2346733}
{"time":"2026-05-25T11:22:00.018030854+02:00","level":"INFO","msg":"request","method":"GET","uri":"/api/sync/psn/status","status":200,"latency":2134372}
{"time":"2026-05-25T11:22:00.018063731+02:00","level":"INFO","msg":"request","method":"GET","uri":"/api/sync/steam/status","status":200,"latency":2154439}
{"time":"2026-05-25T11:22:28.01143157+02:00","level":"INFO","msg":"request","method":"GET","uri":"/api/jobs/pending-review-count","status":200,"latency":1828466}
{"time":"2026-05-25T11:22:30.033486159+02:00","level":"INFO","msg":"request","method":"GET","uri":"/api/sync/epic/status","status":200,"latency":2108027}
{"time":"2026-05-25T11:22:30.033703705+02:00","level":"INFO","msg":"request","method":"GET","uri":"/api/sync/gog/status","status":200,"latency":1803475}
{"time":"2026-05-25T11:22:30.034069797+02:00","level":"INFO","msg":"request","method":"GET","uri":"/api/sync/psn/status","status":200,"latency":1353333}
{"time":"2026-05-25T11:22:30.034352427+02:00","level":"INFO","msg":"request","method":"GET","uri":"/api/sync/steam/status","status":200,"latency":1427597}
{"time":"2026-05-25T11:22:58.024645666+02:00","level":"INFO","msg":"request","method":"GET","uri":"/api/jobs/pending-review-count","status":200,"latency":1915680}
{"time":"2026-05-25T11:23:00.04912676+02:00","level":"INFO","msg":"request","method":"GET","uri":"/api/sync/epic/status","status":200,"latency":2152235}
{"time":"2026-05-25T11:23:00.049731173+02:00","level":"INFO","msg":"request","method":"GET","uri":"/api/sync/gog/status","status":200,"latency":2177288}
{"time":"2026-05-25T11:23:00.050221356+02:00","level":"INFO","msg":"request","method":"GET","uri":"/api/sync/psn/status","status":200,"latency":2095434}
{"time":"2026-05-25T11:23:00.050425767+02:00","level":"INFO","msg":"request","method":"GET","uri":"/api/sync/steam/status","status":200,"latency":2081863}
{"time":"2026-05-25T11:23:28.036621815+02:00","level":"INFO","msg":"request","method":"GET","uri":"/api/jobs/pending-review-count","status":200,"latency":1883396}
{"time":"2026-05-25T11:23:30.066388753+02:00","level":"INFO","msg":"request","method":"GET","uri":"/api/sync/epic/status","status":200,"latency":2072639}
{"time":"2026-05-25T11:23:30.066649359+02:00","level":"INFO","msg":"request","method":"GET","uri":"/api/sync/gog/status","status":200,"latency":1823340}
{"time":"2026-05-25T11:23:30.067356158+02:00","level":"INFO","msg":"request","method":"GET","uri":"/api/sync/psn/status","status":200,"latency":1929225}
{"time":"2026-05-25T11:23:30.067528297+02:00","level":"INFO","msg":"request","method":"GET","uri":"/api/sync/steam/status","status":200,"latency":1705278}
{"time":"2026-05-25T11:23:58.046823319+02:00","level":"INFO","msg":"request","method":"GET","uri":"/api/jobs/pending-review-count","status":200,"latency":1451727}
{"time":"2026-05-25T11:24:00.082919194+02:00","level":"INFO","msg":"request","method":"GET","uri":"/api/sync/epic/status","status":200,"latency":1800215}
{"time":"2026-05-25T11:24:00.08365041+02:00","level":"INFO","msg":"request","method":"GET","uri":"/api/sync/gog/status","status":200,"latency":2017088}
{"time":"2026-05-25T11:24:00.083925456+02:00","level":"INFO","msg":"request","method":"GET","uri":"/api/sync/steam/status","status":200,"latency":1560594}
{"time":"2026-05-25T11:24:00.084082944+02:00","level":"INFO","msg":"request","method":"GET","uri":"/api/sync/psn/status","status":200,"latency":1865796}
{"time":"2026-05-25T11:24:28.061731867+02:00","level":"INFO","msg":"request","method":"GET","uri":"/api/jobs/pending-review-count","status":200,"latency":2304202}
{"time":"2026-05-25T11:24:30.099281126+02:00","level":"INFO","msg":"request","method":"GET","uri":"/api/sync/epic/status","status":200,"latency":2418127}
{"time":"2026-05-25T11:24:30.099605003+02:00","level":"INFO","msg":"request","method":"GET","uri":"/api/sync/gog/status","status":200,"latency":2037285}
{"time":"2026-05-25T11:24:30.10023406+02:00","level":"INFO","msg":"request","method":"GET","uri":"/api/sync/steam/status","status":200,"latency":1910559}
{"time":"2026-05-25T11:24:30.100402527+02:00","level":"INFO","msg":"request","method":"GET","uri":"/api/sync/psn/status","status":200,"latency":2259130}
{"time":"2026-05-25T11:24:58.074659972+02:00","level":"INFO","msg":"request","method":"GET","uri":"/api/jobs/pending-review-count","status":200,"latency":1528187}
{"time":"2026-05-25T11:25:00.117929431+02:00","level":"INFO","msg":"request","method":"GET","uri":"/api/sync/gog/status","status":200,"latency":2249064}
{"time":"2026-05-25T11:25:00.118090596+02:00","level":"INFO","msg":"request","method":"GET","uri":"/api/sync/epic/status","status":200,"latency":2166247}
{"time":"2026-05-25T11:25:00.118742807+02:00","level":"INFO","msg":"request","method":"GET","uri":"/api/sync/steam/status","status":200,"latency":1712946}
{"time":"2026-05-25T11:25:00.11888158+02:00","level":"INFO","msg":"request","method":"GET","uri":"/api/sync/psn/status","status":200,"latency":1327512}
{"time":"2026-05-25T11:25:28.085370224+02:00","level":"INFO","msg":"request","method":"GET","uri":"/api/jobs/pending-review-count","status":200,"latency":1584517}
{"time":"2026-05-25T11:25:30.164237338+02:00","level":"INFO","msg":"request","method":"GET","uri":"/api/sync/gog/status","status":200,"latency":1984380}
{"time":"2026-05-25T11:25:30.165145617+02:00","level":"INFO","msg":"request","method":"GET","uri":"/api/sync/epic/status","status":200,"latency":2241108}
{"time":"2026-05-25T11:25:30.165179782+02:00","level":"INFO","msg":"request","method":"GET","uri":"/api/sync/steam/status","status":200,"latency":1674608}
{"time":"2026-05-25T11:25:30.165470431+02:00","level":"INFO","msg":"request","method":"GET","uri":"/api/sync/psn/status","status":200,"latency":1771260}
{"time":"2026-05-25T11:25:58.094424251+02:00","level":"INFO","msg":"request","method":"GET","uri":"/api/jobs/pending-review-count","status":200,"latency":1341268}
{"time":"2026-05-25T11:26:00.180545027+02:00","level":"INFO","msg":"request","method":"GET","uri":"/api/sync/gog/status","status":200,"latency":2340164}
{"time":"2026-05-25T11:26:00.180772492+02:00","level":"INFO","msg":"request","method":"GET","uri":"/api/sync/epic/status","status":200,"latency":1894107}
{"time":"2026-05-25T11:26:00.18147657+02:00","level":"INFO","msg":"request","method":"GET","uri":"/api/sync/steam/status","status":200,"latency":1705571}
{"time":"2026-05-25T11:26:00.181715503+02:00","level":"INFO","msg":"request","method":"GET","uri":"/api/sync/psn/status","status":200,"latency":1871494}
{"time":"2026-05-25T11:26:28.102541472+02:00","level":"INFO","msg":"request","method":"GET","uri":"/api/jobs/pending-review-count","status":200,"latency":1513370}
{"time":"2026-05-25T11:26:30.197619244+02:00","level":"INFO","msg":"request","method":"GET","uri":"/api/sync/gog/status","status":200,"latency":2189616}
{"time":"2026-05-25T11:26:30.197818913+02:00","level":"INFO","msg":"request","method":"GET","uri":"/api/sync/epic/status","status":200,"latency":1896446}
{"time":"2026-05-25T11:26:30.198359518+02:00","level":"INFO","msg":"request","method":"GET","uri":"/api/sync/steam/status","status":200,"latency":1692597}
{"time":"2026-05-25T11:26:30.19841856+02:00","level":"INFO","msg":"request","method":"GET","uri":"/api/sync/psn/status","status":200,"latency":1232067}
{"time":"2026-05-25T11:26:58.111846133+02:00","level":"INFO","msg":"request","method":"GET","uri":"/api/jobs/pending-review-count","status":200,"latency":1828535}
{"time":"2026-05-25T11:27:00.213325224+02:00","level":"INFO","msg":"request","method":"GET","uri":"/api/sync/gog/status","status":200,"latency":2295127}
{"time":"2026-05-25T11:27:00.213519463+02:00","level":"INFO","msg":"request","method":"GET","uri":"/api/sync/epic/status","status":200,"latency":1930502}
{"time":"2026-05-25T11:27:00.214021664+02:00","level":"INFO","msg":"request","method":"GET","uri":"/api/sync/psn/status","status":200,"latency":1505451}
{"time":"2026-05-25T11:27:00.2140587+02:00","level":"INFO","msg":"request","method":"GET","uri":"/api/sync/steam/status","status":200,"latency":1697483}
{"time":"2026-05-25T11:27:28.122246883+02:00","level":"INFO","msg":"request","method":"GET","uri":"/api/jobs/pending-review-count","status":200,"latency":1747353}
{"time":"2026-05-25T11:27:30.228626143+02:00","level":"INFO","msg":"request","method":"GET","uri":"/api/sync/gog/status","status":200,"latency":1877892}
{"time":"2026-05-25T11:27:30.229188022+02:00","level":"INFO","msg":"request","method":"GET","uri":"/api/sync/steam/status","status":200,"latency":1436010}
{"time":"2026-05-25T11:27:30.22920097+02:00","level":"INFO","msg":"request","method":"GET","uri":"/api/sync/epic/status","status":200,"latency":1702795}
{"time":"2026-05-25T11:27:30.229592671+02:00","level":"INFO","msg":"request","method":"GET","uri":"/api/sync/psn/status","status":200,"latency":1325865}
{"time":"2026-05-25T11:27:58.132499944+02:00","level":"INFO","msg":"request","method":"GET","uri":"/api/jobs/pending-review-count","status":200,"latency":2014313}
{"time":"2026-05-25T11:28:00.253332252+02:00","level":"INFO","msg":"request","method":"GET","uri":"/api/sync/epic/status","status":200,"latency":1020479}
{"time":"2026-05-25T11:28:00.253462228+02:00","level":"INFO","msg":"request","method":"GET","uri":"/api/sync/gog/status","status":200,"latency":971926}
{"time":"2026-05-25T11:28:00.255008731+02:00","level":"INFO","msg":"request","method":"GET","uri":"/api/sync/steam/status","status":200,"latency":583851}
{"time":"2026-05-25T11:28:00.255313733+02:00","level":"INFO","msg":"request","method":"GET","uri":"/api/sync/psn/status","status":200,"latency":596003}
{"time":"2026-05-25T11:28:28.142507553+02:00","level":"INFO","msg":"request","method":"GET","uri":"/api/jobs/pending-review-count","status":200,"latency":1289101}
{"time":"2026-05-25T11:28:30.265833911+02:00","level":"INFO","msg":"request","method":"GET","uri":"/api/sync/gog/status","status":200,"latency":2171611}
{"time":"2026-05-25T11:28:30.26602367+02:00","level":"INFO","msg":"request","method":"GET","uri":"/api/sync/epic/status","status":200,"latency":1936853}
{"time":"2026-05-25T11:28:30.266411772+02:00","level":"INFO","msg":"request","method":"GET","uri":"/api/sync/psn/status","status":200,"latency":1640204}
{"time":"2026-05-25T11:28:30.266907681+02:00","level":"INFO","msg":"request","method":"GET","uri":"/api/sync/steam/status","status":200,"latency":1616453}
{"time":"2026-05-25T11:28:58.153300911+02:00","level":"INFO","msg":"request","method":"GET","uri":"/api/jobs/pending-review-count","status":200,"latency":1683611}
{"time":"2026-05-25T11:29:00.278142479+02:00","level":"INFO","msg":"request","method":"GET","uri":"/api/sync/epic/status","status":200,"latency":820625}
{"time":"2026-05-25T11:29:00.278164787+02:00","level":"INFO","msg":"request","method":"GET","uri":"/api/sync/gog/status","status":200,"latency":1096533}
{"time":"2026-05-25T11:29:00.278394398+02:00","level":"INFO","msg":"request","method":"GET","uri":"/api/sync/steam/status","status":200,"latency":638170}
{"time":"2026-05-25T11:29:00.278483437+02:00","level":"INFO","msg":"request","method":"GET","uri":"/api/sync/psn/status","status":200,"latency":749059}
{"time":"2026-05-25T11:29:28.165657549+02:00","level":"INFO","msg":"request","method":"GET","uri":"/api/jobs/pending-review-count","status":200,"latency":1589488}
{"time":"2026-05-25T11:29:30.292524779+02:00","level":"INFO","msg":"request","method":"GET","uri":"/api/sync/gog/status","status":200,"latency":2177858}
{"time":"2026-05-25T11:29:30.292698479+02:00","level":"INFO","msg":"request","method":"GET","uri":"/api/sync/epic/status","status":200,"latency":1633910}
{"time":"2026-05-25T11:29:30.293335861+02:00","level":"INFO","msg":"request","method":"GET","uri":"/api/sync/steam/status","status":200,"latency":2042221}
{"time":"2026-05-25T11:29:30.293502019+02:00","level":"INFO","msg":"request","method":"GET","uri":"/api/sync/psn/status","status":200,"latency":1605821}
{"time":"2026-05-25T11:29:58.17716859+02:00","level":"INFO","msg":"request","method":"GET","uri":"/api/jobs/pending-review-count","status":200,"latency":1613544}
{"time":"2026-05-25T11:30:00.31654122+02:00","level":"INFO","msg":"request","method":"GET","uri":"/api/sync/gog/status","status":200,"latency":1837705}
{"time":"2026-05-25T11:30:00.317079764+02:00","level":"INFO","msg":"request","method":"GET","uri":"/api/sync/epic/status","status":200,"latency":1905743}
{"time":"2026-05-25T11:30:00.317218317+02:00","level":"INFO","msg":"request","method":"GET","uri":"/api/sync/psn/status","status":200,"latency":1224236}
{"time":"2026-05-25T11:30:00.317246889+02:00","level":"INFO","msg":"request","method":"GET","uri":"/api/sync/steam/status","status":200,"latency":1343023}
{"time":"2026-05-25T11:30:28.189357938+02:00","level":"INFO","msg":"request","method":"GET","uri":"/api/jobs/pending-review-count","status":200,"latency":1665719}
{"time":"2026-05-25T11:30:30.333021892+02:00","level":"INFO","msg":"request","method":"GET","uri":"/api/sync/gog/status","status":200,"latency":1800454}
{"time":"2026-05-25T11:30:30.333512655+02:00","level":"INFO","msg":"request","method":"GET","uri":"/api/sync/epic/status","status":200,"latency":1768111}
{"time":"2026-05-25T11:30:30.334977309+02:00","level":"INFO","msg":"request","method":"GET","uri":"/api/sync/psn/status","status":200,"latency":1432250}
{"time":"2026-05-25T11:30:30.335184855+02:00","level":"INFO","msg":"request","method":"GET","uri":"/api/sync/steam/status","status":200,"latency":1351688}
{"time":"2026-05-25T11:30:58.20007973+02:00","level":"INFO","msg":"request","method":"GET","uri":"/api/jobs/pending-review-count","status":200,"latency":1549498}
{"time":"2026-05-25T11:31:00.352007974+02:00","level":"INFO","msg":"request","method":"GET","uri":"/api/sync/gog/status","status":200,"latency":1761655}
{"time":"2026-05-25T11:31:00.352637194+02:00","level":"INFO","msg":"request","method":"GET","uri":"/api/sync/epic/status","status":200,"latency":1846074}
{"time":"2026-05-25T11:31:00.352959721+02:00","level":"INFO","msg":"request","method":"GET","uri":"/api/sync/psn/status","status":200,"latency":1544326}
{"time":"2026-05-25T11:31:00.353384071+02:00","level":"INFO","msg":"request","method":"GET","uri":"/api/sync/steam/status","status":200,"latency":1754762}
{"time":"2026-05-25T11:31:28.210958054+02:00","level":"INFO","msg":"request","method":"GET","uri":"/api/jobs/pending-review-count","status":200,"latency":1562946}
{"time":"2026-05-25T11:31:30.366736697+02:00","level":"INFO","msg":"request","method":"GET","uri":"/api/sync/gog/status","status":200,"latency":1046730}
{"time":"2026-05-25T11:31:30.367073475+02:00","level":"INFO","msg":"request","method":"GET","uri":"/api/sync/epic/status","status":200,"latency":1045095}
{"time":"2026-05-25T11:31:30.367093011+02:00","level":"INFO","msg":"request","method":"GET","uri":"/api/sync/steam/status","status":200,"latency":806902}
{"time":"2026-05-25T11:31:30.367170992+02:00","level":"INFO","msg":"request","method":"GET","uri":"/api/sync/psn/status","status":200,"latency":1042141}
{"time":"2026-05-25T11:31:58.22179453+02:00","level":"INFO","msg":"request","method":"GET","uri":"/api/jobs/pending-review-count","status":200,"latency":1688478}
{"time":"2026-05-25T11:32:00.563108653+02:00","level":"INFO","msg":"request","method":"GET","uri":"/api/sync/gog/status","status":200,"latency":2010123}
{"time":"2026-05-25T11:32:00.563384241+02:00","level":"INFO","msg":"request","method":"GET","uri":"/api/sync/epic/status","status":200,"latency":1719252}
{"time":"2026-05-25T11:32:00.563955773+02:00","level":"INFO","msg":"request","method":"GET","uri":"/api/sync/psn/status","status":200,"latency":1313251}
{"time":"2026-05-25T11:32:00.564280527+02:00","level":"INFO","msg":"request","method":"GET","uri":"/api/sync/steam/status","status":200,"latency":1892866}
{"time":"2026-05-25T11:32:28.232820114+02:00","level":"INFO","msg":"request","method":"GET","uri":"/api/jobs/pending-review-count","status":200,"latency":1761653}
{"time":"2026-05-25T11:32:30.580363297+02:00","level":"INFO","msg":"request","method":"GET","uri":"/api/sync/gog/status","status":200,"latency":2341203}
{"time":"2026-05-25T11:32:30.581145655+02:00","level":"INFO","msg":"request","method":"GET","uri":"/api/sync/steam/status","status":200,"latency":1601587}
{"time":"2026-05-25T11:32:30.581203437+02:00","level":"INFO","msg":"request","method":"GET","uri":"/api/sync/psn/status","status":200,"latency":1508729}
{"time":"2026-05-25T11:32:30.581576091+02:00","level":"INFO","msg":"request","method":"GET","uri":"/api/sync/epic/status","status":200,"latency":2985230}
{"time":"2026-05-25T11:32:58.244001139+02:00","level":"INFO","msg":"request","method":"GET","uri":"/api/jobs/pending-review-count","status":200,"latency":1620806}
{"time":"2026-05-25T11:33:00.59573653+02:00","level":"INFO","msg":"request","method":"GET","uri":"/api/sync/gog/status","status":200,"latency":1704890}
{"time":"2026-05-25T11:33:00.596394818+02:00","level":"INFO","msg":"request","method":"GET","uri":"/api/sync/steam/status","status":200,"latency":1742905}
{"time":"2026-05-25T11:33:00.597733975+02:00","level":"INFO","msg":"request","method":"GET","uri":"/api/sync/psn/status","status":200,"latency":1504600}
{"time":"2026-05-25T11:33:00.597938303+02:00","level":"INFO","msg":"request","method":"GET","uri":"/api/sync/epic/status","status":200,"latency":1553752}
{"time":"2026-05-25T11:33:28.406731407+02:00","level":"INFO","msg":"request","method":"GET","uri":"/api/jobs/pending-review-count","status":200,"latency":1680225}
{"time":"2026-05-25T11:33:30.610869825+02:00","level":"INFO","msg":"request","method":"GET","uri":"/api/sync/gog/status","status":200,"latency":2276694}
{"time":"2026-05-25T11:33:30.611832796+02:00","level":"INFO","msg":"request","method":"GET","uri":"/api/sync/epic/status","status":200,"latency":1742218}
{"time":"2026-05-25T11:33:30.611832099+02:00","level":"INFO","msg":"request","method":"GET","uri":"/api/sync/psn/status","status":200,"latency":1906663}
{"time":"2026-05-25T11:33:30.611887595+02:00","level":"INFO","msg":"request","method":"GET","uri":"/api/sync/steam/status","status":200,"latency":2318664}
{"time":"2026-05-25T11:33:58.418915949+02:00","level":"INFO","msg":"request","method":"GET","uri":"/api/jobs/pending-review-count","status":200,"latency":1973879}
{"time":"2026-05-25T11:34:00.628593089+02:00","level":"INFO","msg":"request","method":"GET","uri":"/api/sync/gog/status","status":200,"latency":2216917}
{"time":"2026-05-25T11:34:00.628796746+02:00","level":"INFO","msg":"request","method":"GET","uri":"/api/sync/psn/status","status":200,"latency":1625495}
{"time":"2026-05-25T11:34:00.629314319+02:00","level":"INFO","msg":"request","method":"GET","uri":"/api/sync/epic/status","status":200,"latency":1510331}
{"time":"2026-05-25T11:34:00.629321526+02:00","level":"INFO","msg":"request","method":"GET","uri":"/api/sync/steam/status","status":200,"latency":1369254}
{"time":"2026-05-25T11:34:28.430127652+02:00","level":"INFO","msg":"request","method":"GET","uri":"/api/jobs/pending-review-count","status":200,"latency":1541224}
{"time":"2026-05-25T11:34:30.645072232+02:00","level":"INFO","msg":"request","method":"GET","uri":"/api/sync/gog/status","status":200,"latency":2418400}
{"time":"2026-05-25T11:34:30.645402985+02:00","level":"INFO","msg":"request","method":"GET","uri":"/api/sync/psn/status","status":200,"latency":2154011}
{"time":"2026-05-25T11:34:30.645982661+02:00","level":"INFO","msg":"request","method":"GET","uri":"/api/sync/epic/status","status":200,"latency":1851676}
{"time":"2026-05-25T11:34:30.646012575+02:00","level":"INFO","msg":"request","method":"GET","uri":"/api/sync/steam/status","status":200,"latency":1943772}
